CRITICAL - 2024-07-05 08:57:49 --> TypeError: count(): Argument #1 ($value) must be of type Countable|array, null given
[Method: GET, Route: ims/home]
in APPPATH\Views\ImsViews\dashboard\index.php on line 120.
 1 SYSTEMPATH\View\View.php(234): include()
 2 SYSTEMPATH\View\View.php(237): CodeIgniter\View\View->CodeIgniter\View\{closure}()
 3 SYSTEMPATH\Common.php(1171): CodeIgniter\View\View->render('ImsViews/dashboard/index', [], true)
 4 APPPATH\Controllers\ImsControllers\Dashboard_controller.php(42): view('ImsViews/dashboard/index', [...])
 5 SYSTEMPATH\CodeIgniter.php(933): App\Controllers\ImsControllers\Dashboard_controller->index()
 6 SYSTEMPATH\CodeIgniter.php(509): CodeIgniter\CodeIgniter->runController(Object(App\Controllers\ImsControllers\Dashboard_controller))
 7 SYSTEMPATH\CodeIgniter.php(355): CodeIgniter\CodeIgniter->handleRequest(null, Object(Config\Cache), false)
 8 SYSTEMPATH\Boot.php(312): CodeIgniter\CodeIgniter->run()
 9 SYSTEMPATH\Boot.php(67): CodeIgniter\Boot::runCodeIgniter(Object(CodeIgniter\CodeIgniter))
10 FCPATH\index.php(56): CodeIgniter\Boot::bootWeb(Object(Config\Paths))
CRITICAL - 2024-07-05 08:57:49 --> [Caused by] ErrorException: Undefined variable $employees
in APPPATH\Views\ImsViews\dashboard\index.php on line 120.
 1 APPPATH\Views\ImsViews\dashboard\index.php(120): CodeIgniter\Debug\Exceptions->errorHandler(2, 'Undefined variable $employees', 'C:\\xampp\\htdocs\\ims\\app\\Views\\ImsViews\\dashboard\\index.php', 120)
 2 SYSTEMPATH\View\View.php(234): include('C:\\xampp\\htdocs\\ims\\app\\Views\\ImsViews\\dashboard\\index.php')
 3 SYSTEMPATH\View\View.php(237): CodeIgniter\View\View->CodeIgniter\View\{closure}()
 4 SYSTEMPATH\Common.php(1171): CodeIgniter\View\View->render('ImsViews/dashboard/index', [], true)
 5 APPPATH\Controllers\ImsControllers\Dashboard_controller.php(42): view('ImsViews/dashboard/index', [...])
 6 SYSTEMPATH\CodeIgniter.php(933): App\Controllers\ImsControllers\Dashboard_controller->index()
 7 SYSTEMPATH\CodeIgniter.php(509): CodeIgniter\CodeIgniter->runController(Object(App\Controllers\ImsControllers\Dashboard_controller))
 8 SYSTEMPATH\CodeIgniter.php(355): CodeIgniter\CodeIgniter->handleRequest(null, Object(Config\Cache), false)
 9 SYSTEMPATH\Boot.php(312): CodeIgniter\CodeIgniter->run()
10 SYSTEMPATH\Boot.php(67): CodeIgniter\Boot::runCodeIgniter(Object(CodeIgniter\CodeIgniter))
11 FCPATH\index.php(56): CodeIgniter\Boot::bootWeb(Object(Config\Paths))
CRITICAL - 2024-07-05 08:59:22 --> TypeError: count(): Argument #1 ($value) must be of type Countable|array, null given
[Method: GET, Route: ims/home]
in APPPATH\Views\ImsViews\dashboard\index.php on line 120.
 1 SYSTEMPATH\View\View.php(234): include()
 2 SYSTEMPATH\View\View.php(237): CodeIgniter\View\View->CodeIgniter\View\{closure}()
 3 SYSTEMPATH\Common.php(1171): CodeIgniter\View\View->render('ImsViews/dashboard/index', [], true)
 4 APPPATH\Controllers\ImsControllers\Dashboard_controller.php(42): view('ImsViews/dashboard/index', [...])
 5 SYSTEMPATH\CodeIgniter.php(933): App\Controllers\ImsControllers\Dashboard_controller->index()
 6 SYSTEMPATH\CodeIgniter.php(509): CodeIgniter\CodeIgniter->runController(Object(App\Controllers\ImsControllers\Dashboard_controller))
 7 SYSTEMPATH\CodeIgniter.php(355): CodeIgniter\CodeIgniter->handleRequest(null, Object(Config\Cache), false)
 8 SYSTEMPATH\Boot.php(312): CodeIgniter\CodeIgniter->run()
 9 SYSTEMPATH\Boot.php(67): CodeIgniter\Boot::runCodeIgniter(Object(CodeIgniter\CodeIgniter))
10 FCPATH\index.php(56): CodeIgniter\Boot::bootWeb(Object(Config\Paths))
CRITICAL - 2024-07-05 08:59:22 --> [Caused by] ErrorException: Undefined variable $employees
in APPPATH\Views\ImsViews\dashboard\index.php on line 120.
 1 APPPATH\Views\ImsViews\dashboard\index.php(120): CodeIgniter\Debug\Exceptions->errorHandler(2, 'Undefined variable $employees', 'C:\\xampp\\htdocs\\ims\\app\\Views\\ImsViews\\dashboard\\index.php', 120)
 2 SYSTEMPATH\View\View.php(234): include('C:\\xampp\\htdocs\\ims\\app\\Views\\ImsViews\\dashboard\\index.php')
 3 SYSTEMPATH\View\View.php(237): CodeIgniter\View\View->CodeIgniter\View\{closure}()
 4 SYSTEMPATH\Common.php(1171): CodeIgniter\View\View->render('ImsViews/dashboard/index', [], true)
 5 APPPATH\Controllers\ImsControllers\Dashboard_controller.php(42): view('ImsViews/dashboard/index', [...])
 6 SYSTEMPATH\CodeIgniter.php(933): App\Controllers\ImsControllers\Dashboard_controller->index()
 7 SYSTEMPATH\CodeIgniter.php(509): CodeIgniter\CodeIgniter->runController(Object(App\Controllers\ImsControllers\Dashboard_controller))
 8 SYSTEMPATH\CodeIgniter.php(355): CodeIgniter\CodeIgniter->handleRequest(null, Object(Config\Cache), false)
 9 SYSTEMPATH\Boot.php(312): CodeIgniter\CodeIgniter->run()
10 SYSTEMPATH\Boot.php(67): CodeIgniter\Boot::runCodeIgniter(Object(CodeIgniter\CodeIgniter))
11 FCPATH\index.php(56): CodeIgniter\Boot::bootWeb(Object(Config\Paths))
CRITICAL - 2024-07-05 09:39:26 --> ErrorException: Undefined variable $recent_activities
[Method: GET, Route: ims/home]
in APPPATH\Views\ImsViews\dashboard\index.php on line 93.
 1 APPPATH\Views\ImsViews\dashboard\index.php(93): CodeIgniter\Debug\Exceptions->errorHandler(2, 'Undefined variable $recent_activities', 'C:\\xampp\\htdocs\\ims\\app\\Views\\ImsViews\\dashboard\\index.php', 93)
 2 SYSTEMPATH\View\View.php(234): include('C:\\xampp\\htdocs\\ims\\app\\Views\\ImsViews\\dashboard\\index.php')
 3 SYSTEMPATH\View\View.php(237): CodeIgniter\View\View->CodeIgniter\View\{closure}()
 4 SYSTEMPATH\Common.php(1171): CodeIgniter\View\View->render('ImsViews/dashboard/index', [], true)
 5 APPPATH\Controllers\ImsControllers\Dashboard_controller.php(42): view('ImsViews/dashboard/index', [...])
 6 SYSTEMPATH\CodeIgniter.php(933): App\Controllers\ImsControllers\Dashboard_controller->index()
 7 SYSTEMPATH\CodeIgniter.php(509): CodeIgniter\CodeIgniter->runController(Object(App\Controllers\ImsControllers\Dashboard_controller))
 8 SYSTEMPATH\CodeIgniter.php(355): CodeIgniter\CodeIgniter->handleRequest(null, Object(Config\Cache), false)
 9 SYSTEMPATH\Boot.php(312): CodeIgniter\CodeIgniter->run()
10 SYSTEMPATH\Boot.php(67): CodeIgniter\Boot::runCodeIgniter(Object(CodeIgniter\CodeIgniter))
11 FCPATH\index.php(56): CodeIgniter\Boot::bootWeb(Object(Config\Paths))
CRITICAL - 2024-07-05 09:40:43 --> ErrorException: Undefined variable $recent_activities
[Method: GET, Route: ims/home]
in APPPATH\Views\ImsViews\dashboard\index.php on line 93.
 1 APPPATH\Views\ImsViews\dashboard\index.php(93): CodeIgniter\Debug\Exceptions->errorHandler(2, 'Undefined variable $recent_activities', 'C:\\xampp\\htdocs\\ims\\app\\Views\\ImsViews\\dashboard\\index.php', 93)
 2 SYSTEMPATH\View\View.php(234): include('C:\\xampp\\htdocs\\ims\\app\\Views\\ImsViews\\dashboard\\index.php')
 3 SYSTEMPATH\View\View.php(237): CodeIgniter\View\View->CodeIgniter\View\{closure}()
 4 SYSTEMPATH\Common.php(1171): CodeIgniter\View\View->render('ImsViews/dashboard/index', [], true)
 5 APPPATH\Controllers\ImsControllers\Dashboard_controller.php(42): view('ImsViews/dashboard/index', [...])
 6 SYSTEMPATH\CodeIgniter.php(933): App\Controllers\ImsControllers\Dashboard_controller->index()
 7 SYSTEMPATH\CodeIgniter.php(509): CodeIgniter\CodeIgniter->runController(Object(App\Controllers\ImsControllers\Dashboard_controller))
 8 SYSTEMPATH\CodeIgniter.php(355): CodeIgniter\CodeIgniter->handleRequest(null, Object(Config\Cache), false)
 9 SYSTEMPATH\Boot.php(312): CodeIgniter\CodeIgniter->run()
10 SYSTEMPATH\Boot.php(67): CodeIgniter\Boot::runCodeIgniter(Object(CodeIgniter\CodeIgniter))
11 FCPATH\index.php(56): CodeIgniter\Boot::bootWeb(Object(Config\Paths))
CRITICAL - 2024-07-05 09:45:08 --> Error: Class "App\Models\EmployeeModel" not found
[Method: GET, Route: ims/home]
in APPPATH\Controllers\ImsControllers\Dashboard_controller.php on line 32.
 1 SYSTEMPATH\CodeIgniter.php(933): App\Controllers\ImsControllers\Dashboard_controller->index()
 2 SYSTEMPATH\CodeIgniter.php(509): CodeIgniter\CodeIgniter->runController(Object(App\Controllers\ImsControllers\Dashboard_controller))
 3 SYSTEMPATH\CodeIgniter.php(355): CodeIgniter\CodeIgniter->handleRequest(null, Object(Config\Cache), false)
 4 SYSTEMPATH\Boot.php(312): CodeIgniter\CodeIgniter->run()
 5 SYSTEMPATH\Boot.php(67): CodeIgniter\Boot::runCodeIgniter(Object(CodeIgniter\CodeIgniter))
 6 FCPATH\index.php(56): CodeIgniter\Boot::bootWeb(Object(Config\Paths))
ERROR - 2024-07-05 10:14:02 --> mysqli_sql_exception: Unknown column 'order_id' in 'order clause' in C:\xampp\htdocs\ims\system\Database\MySQLi\Connection.php:308
Stack trace:
#0 C:\xampp\htdocs\ims\system\Database\MySQLi\Connection.php(308): mysqli->query('SELECT *\nFROM `...', 0)
#1 C:\xampp\htdocs\ims\system\Database\BaseConnection.php(722): CodeIgniter\Database\MySQLi\Connection->execute('SELECT *\nFROM `...')
#2 C:\xampp\htdocs\ims\system\Database\BaseConnection.php(636): CodeIgniter\Database\BaseConnection->simpleQuery('SELECT *\nFROM `...')
#3 C:\xampp\htdocs\ims\system\Database\BaseBuilder.php(1629): CodeIgniter\Database\BaseConnection->query('SELECT *\nFROM `...', Array, false)
#4 C:\xampp\htdocs\ims\system\Model.php(275): CodeIgniter\Database\BaseBuilder->get()
#5 C:\xampp\htdocs\ims\system\BaseModel.php(676): CodeIgniter\Model->doFindAll(0, 0)
#6 C:\xampp\htdocs\ims\app\Controllers\ImsControllers\EmployeeController.php(68): CodeIgniter\BaseModel->findAll()
#7 C:\xampp\htdocs\ims\system\CodeIgniter.php(933): App\Controllers\ImsControllers\EmployeeController->employee_data()
#8 C:\xampp\htdocs\ims\system\CodeIgniter.php(509): CodeIgniter\CodeIgniter->runController(Object(App\Controllers\ImsControllers\EmployeeController))
#9 C:\xampp\htdocs\ims\system\CodeIgniter.php(355): CodeIgniter\CodeIgniter->handleRequest(NULL, Object(Config\Cache), false)
#10 C:\xampp\htdocs\ims\system\Boot.php(312): CodeIgniter\CodeIgniter->run()
#11 C:\xampp\htdocs\ims\system\Boot.php(67): CodeIgniter\Boot::runCodeIgniter(Object(CodeIgniter\CodeIgniter))
#12 C:\xampp\htdocs\ims\public\index.php(56): CodeIgniter\Boot::bootWeb(Object(Config\Paths))
#13 {main}
CRITICAL - 2024-07-05 10:14:02 --> CodeIgniter\Database\Exceptions\DatabaseException: Unknown column 'order_id' in 'order clause'
[Method: GET, Route: ims/employee/employee_data]
in SYSTEMPATH\Database\BaseConnection.php on line 676.
 1 SYSTEMPATH\Database\BaseBuilder.php(1629): CodeIgniter\Database\BaseConnection->query('SELECT *
FROM `employees`
ORDER BY `order_id` ASC
 LIMIT 20', [], false)
 2 SYSTEMPATH\Model.php(275): CodeIgniter\Database\BaseBuilder->get()
 3 SYSTEMPATH\BaseModel.php(676): CodeIgniter\Model->doFindAll(0, 0)
 4 APPPATH\Controllers\ImsControllers\EmployeeController.php(68): CodeIgniter\BaseModel->findAll()
 5 SYSTEMPATH\CodeIgniter.php(933): App\Controllers\ImsControllers\EmployeeController->employee_data()
 6 SYSTEMPATH\CodeIgniter.php(509): CodeIgniter\CodeIgniter->runController(Object(App\Controllers\ImsControllers\EmployeeController))
 7 SYSTEMPATH\CodeIgniter.php(355): CodeIgniter\CodeIgniter->handleRequest(null, Object(Config\Cache), false)
 8 SYSTEMPATH\Boot.php(312): CodeIgniter\CodeIgniter->run()
 9 SYSTEMPATH\Boot.php(67): CodeIgniter\Boot::runCodeIgniter(Object(CodeIgniter\CodeIgniter))
10 FCPATH\index.php(56): CodeIgniter\Boot::bootWeb(Object(Config\Paths))
CRITICAL - 2024-07-05 10:14:02 --> [Caused by] CodeIgniter\Database\Exceptions\DatabaseException: Unknown column 'order_id' in 'order clause'
in SYSTEMPATH\Database\MySQLi\Connection.php on line 313.
 1 SYSTEMPATH\Database\BaseConnection.php(722): CodeIgniter\Database\MySQLi\Connection->execute('SELECT *
FROM `employees`
ORDER BY `order_id` ASC
 LIMIT 20')
 2 SYSTEMPATH\Database\BaseConnection.php(636): CodeIgniter\Database\BaseConnection->simpleQuery('SELECT *
FROM `employees`
ORDER BY `order_id` ASC
 LIMIT 20')
 3 SYSTEMPATH\Database\BaseBuilder.php(1629): CodeIgniter\Database\BaseConnection->query('SELECT *
FROM `employees`
ORDER BY `order_id` ASC
 LIMIT 20', [], false)
 4 SYSTEMPATH\Model.php(275): CodeIgniter\Database\BaseBuilder->get()
 5 SYSTEMPATH\BaseModel.php(676): CodeIgniter\Model->doFindAll(0, 0)
 6 APPPATH\Controllers\ImsControllers\EmployeeController.php(68): CodeIgniter\BaseModel->findAll()
 7 SYSTEMPATH\CodeIgniter.php(933): App\Controllers\ImsControllers\EmployeeController->employee_data()
 8 SYSTEMPATH\CodeIgniter.php(509): CodeIgniter\CodeIgniter->runController(Object(App\Controllers\ImsControllers\EmployeeController))
 9 SYSTEMPATH\CodeIgniter.php(355): CodeIgniter\CodeIgniter->handleRequest(null, Object(Config\Cache), false)
10 SYSTEMPATH\Boot.php(312): CodeIgniter\CodeIgniter->run()
11 SYSTEMPATH\Boot.php(67): CodeIgniter\Boot::runCodeIgniter(Object(CodeIgniter\CodeIgniter))
12 FCPATH\index.php(56): CodeIgniter\Boot::bootWeb(Object(Config\Paths))
CRITICAL - 2024-07-05 10:14:02 --> [Caused by] mysqli_sql_exception: Unknown column 'order_id' in 'order clause'
in SYSTEMPATH\Database\MySQLi\Connection.php on line 308.
 1 SYSTEMPATH\Database\MySQLi\Connection.php(308): mysqli->query('SELECT *
FROM `employees`
ORDER BY `order_id` ASC
 LIMIT 20', 0)
 2 SYSTEMPATH\Database\BaseConnection.php(722): CodeIgniter\Database\MySQLi\Connection->execute('SELECT *
FROM `employees`
ORDER BY `order_id` ASC
 LIMIT 20')
 3 SYSTEMPATH\Database\BaseConnection.php(636): CodeIgniter\Database\BaseConnection->simpleQuery('SELECT *
FROM `employees`
ORDER BY `order_id` ASC
 LIMIT 20')
 4 SYSTEMPATH\Database\BaseBuilder.php(1629): CodeIgniter\Database\BaseConnection->query('SELECT *
FROM `employees`
ORDER BY `order_id` ASC
 LIMIT 20', [], false)
 5 SYSTEMPATH\Model.php(275): CodeIgniter\Database\BaseBuilder->get()
 6 SYSTEMPATH\BaseModel.php(676): CodeIgniter\Model->doFindAll(0, 0)
 7 APPPATH\Controllers\ImsControllers\EmployeeController.php(68): CodeIgniter\BaseModel->findAll()
 8 SYSTEMPATH\CodeIgniter.php(933): App\Controllers\ImsControllers\EmployeeController->employee_data()
 9 SYSTEMPATH\CodeIgniter.php(509): CodeIgniter\CodeIgniter->runController(Object(App\Controllers\ImsControllers\EmployeeController))
10 SYSTEMPATH\CodeIgniter.php(355): CodeIgniter\CodeIgniter->handleRequest(null, Object(Config\Cache), false)
11 SYSTEMPATH\Boot.php(312): CodeIgniter\CodeIgniter->run()
12 SYSTEMPATH\Boot.php(67): CodeIgniter\Boot::runCodeIgniter(Object(CodeIgniter\CodeIgniter))
13 FCPATH\index.php(56): CodeIgniter\Boot::bootWeb(Object(Config\Paths))
