CRITICAL - 2024-07-15 09:01:45 --> ErrorException: Undefined variable $itemsByMonth
[Method: GET, Route: ims/item_management/items_graph]
in APPPATH\Views\ImsViews\graph\items_graph_view.php on line 23.
 1 APPPATH\Views\ImsViews\graph\items_graph_view.php(23): CodeIgniter\Debug\Exceptions->errorHandler(2, 'Undefined variable $itemsByMonth', 'C:\\xampp\\htdocs\\ims\\app\\Views\\ImsViews\\graph\\items_graph_view.php', 23)
 2 SYSTEMPATH\View\View.php(234): include('C:\\xampp\\htdocs\\ims\\app\\Views\\ImsViews\\graph\\items_graph_view.php')
 3 SYSTEMPATH\View\View.php(237): CodeIgniter\View\View->CodeIgniter\View\{closure}()
 4 SYSTEMPATH\Common.php(1171): CodeIgniter\View\View->render('ImsViews/graph/items_graph_view', [], true)
 5 APPPATH\Controllers\ImsControllers\GraphController.php(79): view('ImsViews/graph/items_graph_view', [...])
 6 SYSTEMPATH\CodeIgniter.php(933): App\Controllers\ImsControllers\GraphController->items_graph()
 7 SYSTEMPATH\CodeIgniter.php(509): CodeIgniter\CodeIgniter->runController(Object(App\Controllers\ImsControllers\GraphController))
 8 SYSTEMPATH\CodeIgniter.php(355): CodeIgniter\CodeIgniter->handleRequest(null, Object(Config\Cache), false)
 9 SYSTEMPATH\Boot.php(312): CodeIgniter\CodeIgniter->run()
10 SYSTEMPATH\Boot.php(67): CodeIgniter\Boot::runCodeIgniter(Object(CodeIgniter\CodeIgniter))
11 FCPATH\index.php(56): CodeIgniter\Boot::bootWeb(Object(Config\Paths))
ERROR - 2024-07-15 09:15:54 --> mysqli_sql_exception: Unknown column 'product_name' in 'field list' in C:\xampp\htdocs\ims\system\Database\MySQLi\Connection.php:308
Stack trace:
#0 C:\xampp\htdocs\ims\system\Database\MySQLi\Connection.php(308): mysqli->query('SELECT `product...', 0)
#1 C:\xampp\htdocs\ims\system\Database\BaseConnection.php(722): CodeIgniter\Database\MySQLi\Connection->execute('SELECT `product...')
#2 C:\xampp\htdocs\ims\system\Database\BaseConnection.php(636): CodeIgniter\Database\BaseConnection->simpleQuery('SELECT `product...')
#3 C:\xampp\htdocs\ims\system\Database\BaseBuilder.php(1629): CodeIgniter\Database\BaseConnection->query('SELECT `product...', Array, false)
#4 C:\xampp\htdocs\ims\system\Model.php(275): CodeIgniter\Database\BaseBuilder->get()
#5 C:\xampp\htdocs\ims\system\BaseModel.php(676): CodeIgniter\Model->doFindAll(0, 0)
#6 C:\xampp\htdocs\ims\app\Controllers\ImsControllers\GraphController.php(43): CodeIgniter\BaseModel->findAll()
#7 C:\xampp\htdocs\ims\system\CodeIgniter.php(933): App\Controllers\ImsControllers\GraphController->sales_graph()
#8 C:\xampp\htdocs\ims\system\CodeIgniter.php(509): CodeIgniter\CodeIgniter->runController(Object(App\Controllers\ImsControllers\GraphController))
#9 C:\xampp\htdocs\ims\system\CodeIgniter.php(355): CodeIgniter\CodeIgniter->handleRequest(NULL, Object(Config\Cache), false)
#10 C:\xampp\htdocs\ims\system\Boot.php(312): CodeIgniter\CodeIgniter->run()
#11 C:\xampp\htdocs\ims\system\Boot.php(67): CodeIgniter\Boot::runCodeIgniter(Object(CodeIgniter\CodeIgniter))
#12 C:\xampp\htdocs\ims\public\index.php(56): CodeIgniter\Boot::bootWeb(Object(Config\Paths))
#13 {main}
CRITICAL - 2024-07-15 09:15:54 --> CodeIgniter\Database\Exceptions\DatabaseException: Unknown column 'product_name' in 'field list'
[Method: GET, Route: ims/sales/sales_graph]
in SYSTEMPATH\Database\BaseConnection.php on line 676.
 1 SYSTEMPATH\Database\BaseBuilder.php(1629): CodeIgniter\Database\BaseConnection->query('SELECT `product_name` as `name`, SUM(quantity) as quantity
FROM `sales_orders`
GROUP BY `product_name`', [], false)
 2 SYSTEMPATH\Model.php(275): CodeIgniter\Database\BaseBuilder->get()
 3 SYSTEMPATH\BaseModel.php(676): CodeIgniter\Model->doFindAll(0, 0)
 4 APPPATH\Controllers\ImsControllers\GraphController.php(43): CodeIgniter\BaseModel->findAll()
 5 SYSTEMPATH\CodeIgniter.php(933): App\Controllers\ImsControllers\GraphController->sales_graph()
 6 SYSTEMPATH\CodeIgniter.php(509): CodeIgniter\CodeIgniter->runController(Object(App\Controllers\ImsControllers\GraphController))
 7 SYSTEMPATH\CodeIgniter.php(355): CodeIgniter\CodeIgniter->handleRequest(null, Object(Config\Cache), false)
 8 SYSTEMPATH\Boot.php(312): CodeIgniter\CodeIgniter->run()
 9 SYSTEMPATH\Boot.php(67): CodeIgniter\Boot::runCodeIgniter(Object(CodeIgniter\CodeIgniter))
10 FCPATH\index.php(56): CodeIgniter\Boot::bootWeb(Object(Config\Paths))
CRITICAL - 2024-07-15 09:15:54 --> [Caused by] CodeIgniter\Database\Exceptions\DatabaseException: Unknown column 'product_name' in 'field list'
in SYSTEMPATH\Database\MySQLi\Connection.php on line 313.
 1 SYSTEMPATH\Database\BaseConnection.php(722): CodeIgniter\Database\MySQLi\Connection->execute('SELECT `product_name` as `name`, SUM(quantity) as quantity
FROM `sales_orders`
GROUP BY `product_name`')
 2 SYSTEMPATH\Database\BaseConnection.php(636): CodeIgniter\Database\BaseConnection->simpleQuery('SELECT `product_name` as `name`, SUM(quantity) as quantity
FROM `sales_orders`
GROUP BY `product_name`')
 3 SYSTEMPATH\Database\BaseBuilder.php(1629): CodeIgniter\Database\BaseConnection->query('SELECT `product_name` as `name`, SUM(quantity) as quantity
FROM `sales_orders`
GROUP BY `product_name`', [], false)
 4 SYSTEMPATH\Model.php(275): CodeIgniter\Database\BaseBuilder->get()
 5 SYSTEMPATH\BaseModel.php(676): CodeIgniter\Model->doFindAll(0, 0)
 6 APPPATH\Controllers\ImsControllers\GraphController.php(43): CodeIgniter\BaseModel->findAll()
 7 SYSTEMPATH\CodeIgniter.php(933): App\Controllers\ImsControllers\GraphController->sales_graph()
 8 SYSTEMPATH\CodeIgniter.php(509): CodeIgniter\CodeIgniter->runController(Object(App\Controllers\ImsControllers\GraphController))
 9 SYSTEMPATH\CodeIgniter.php(355): CodeIgniter\CodeIgniter->handleRequest(null, Object(Config\Cache), false)
10 SYSTEMPATH\Boot.php(312): CodeIgniter\CodeIgniter->run()
11 SYSTEMPATH\Boot.php(67): CodeIgniter\Boot::runCodeIgniter(Object(CodeIgniter\CodeIgniter))
12 FCPATH\index.php(56): CodeIgniter\Boot::bootWeb(Object(Config\Paths))
CRITICAL - 2024-07-15 09:15:54 --> [Caused by] mysqli_sql_exception: Unknown column 'product_name' in 'field list'
in SYSTEMPATH\Database\MySQLi\Connection.php on line 308.
 1 SYSTEMPATH\Database\MySQLi\Connection.php(308): mysqli->query('SELECT `product_name` as `name`, SUM(quantity) as quantity
FROM `sales_orders`
GROUP BY `product_name`', 0)
 2 SYSTEMPATH\Database\BaseConnection.php(722): CodeIgniter\Database\MySQLi\Connection->execute('SELECT `product_name` as `name`, SUM(quantity) as quantity
FROM `sales_orders`
GROUP BY `product_name`')
 3 SYSTEMPATH\Database\BaseConnection.php(636): CodeIgniter\Database\BaseConnection->simpleQuery('SELECT `product_name` as `name`, SUM(quantity) as quantity
FROM `sales_orders`
GROUP BY `product_name`')
 4 SYSTEMPATH\Database\BaseBuilder.php(1629): CodeIgniter\Database\BaseConnection->query('SELECT `product_name` as `name`, SUM(quantity) as quantity
FROM `sales_orders`
GROUP BY `product_name`', [], false)
 5 SYSTEMPATH\Model.php(275): CodeIgniter\Database\BaseBuilder->get()
 6 SYSTEMPATH\BaseModel.php(676): CodeIgniter\Model->doFindAll(0, 0)
 7 APPPATH\Controllers\ImsControllers\GraphController.php(43): CodeIgniter\BaseModel->findAll()
 8 SYSTEMPATH\CodeIgniter.php(933): App\Controllers\ImsControllers\GraphController->sales_graph()
 9 SYSTEMPATH\CodeIgniter.php(509): CodeIgniter\CodeIgniter->runController(Object(App\Controllers\ImsControllers\GraphController))
10 SYSTEMPATH\CodeIgniter.php(355): CodeIgniter\CodeIgniter->handleRequest(null, Object(Config\Cache), false)
11 SYSTEMPATH\Boot.php(312): CodeIgniter\CodeIgniter->run()
12 SYSTEMPATH\Boot.php(67): CodeIgniter\Boot::runCodeIgniter(Object(CodeIgniter\CodeIgniter))
13 FCPATH\index.php(56): CodeIgniter\Boot::bootWeb(Object(Config\Paths))
